2025-05-30 21:09:37,104 - INFO - Starting training for 50 epochs
2025-05-30 21:09:40,024 - INFO - Epoch [1] Train Loss: 2.9644 Train reg_Loss: 1.9967 Train clf_Loss: 0.9678 Val Loss: 2.6687 Val reg_Loss: 1.9584 Val clf_Loss: 0.7103 Metrics: {'pearson': array([0.50328788]), 'spearman': np.float64(0.42970073404856013), 'mse': np.float32(1.958403), 'mae': np.float32(1.1824377), 'r2': -1.129783250500509, 'rmse': np.float32(1.3994296)}
2025-05-30 21:09:45,005 - INFO - Saved best model weights to 02.checkpoint/model_weights.pth
2025-05-30 21:09:47,587 - INFO - Epoch [2] Train Loss: 1.8755 Train reg_Loss: 1.2068 Train clf_Loss: 0.6688 Val Loss: 1.4387 Val reg_Loss: 0.7778 Val clf_Loss: 0.6609 Metrics: {'pearson': array([0.55977082]), 'spearman': np.float64(0.585544889892716), 'mse': np.float32(0.7778199), 'mae': np.float32(0.73114985), 'r2': 0.15411295132996472, 'rmse': np.float32(0.88194096)}
2025-05-30 21:09:57,921 - INFO - Saved best model weights to 02.checkpoint/model_weights.pth
2025-05-30 21:10:00,511 - INFO - Epoch [3] Train Loss: 1.7214 Train reg_Loss: 1.0421 Train clf_Loss: 0.6793 Val Loss: 1.4285 Val reg_Loss: 0.7556 Val clf_Loss: 0.6729 Metrics: {'pearson': array([0.62045542]), 'spearman': np.float64(0.6420101637492943), 'mse': np.float32(0.7555681), 'mae': np.float32(0.72147584), 'r2': 0.17831198457288133, 'rmse': np.float32(0.8692342)}
2025-05-30 21:10:05,507 - INFO - Saved best model weights to 02.checkpoint/model_weights.pth
2025-05-30 21:10:08,068 - INFO - Epoch [4] Train Loss: 1.5159 Train reg_Loss: 0.8605 Train clf_Loss: 0.6554 Val Loss: 1.4446 Val reg_Loss: 0.7786 Val clf_Loss: 0.6661 Metrics: {'pearson': array([0.66079326]), 'spearman': np.float64(0.699604743083004), 'mse': np.float32(0.77857363), 'mae': np.float32(0.64922243), 'r2': 0.15329318143333315, 'rmse': np.float32(0.8823682)}
2025-05-30 21:10:13,937 - INFO - Epoch [5] Train Loss: 1.4781 Train reg_Loss: 0.8211 Train clf_Loss: 0.6570 Val Loss: 1.3705 Val reg_Loss: 0.7189 Val clf_Loss: 0.6516 Metrics: {'pearson': array([0.69177474]), 'spearman': np.float64(0.7097684923771881), 'mse': np.float32(0.7189361), 'mae': np.float32(0.63313013), 'r2': 0.21814962436105112, 'rmse': np.float32(0.847901)}
2025-05-30 21:10:18,903 - INFO - Saved best model weights to 02.checkpoint/model_weights.pth
2025-05-30 21:10:21,473 - INFO - Epoch [6] Train Loss: 1.4042 Train reg_Loss: 0.7643 Train clf_Loss: 0.6399 Val Loss: 1.3065 Val reg_Loss: 0.6551 Val clf_Loss: 0.6514 Metrics: {'pearson': array([0.71842287]), 'spearman': np.float64(0.753811405985319), 'mse': np.float32(0.65506834), 'mae': np.float32(0.63630825), 'r2': 0.28760651233682943, 'rmse': np.float32(0.80936295)}
2025-05-30 21:10:28,961 - INFO - Saved best model weights to 02.checkpoint/model_weights.pth
2025-05-30 21:10:31,544 - INFO - Epoch [7] Train Loss: 1.4186 Train reg_Loss: 0.7763 Train clf_Loss: 0.6423 Val Loss: 1.2933 Val reg_Loss: 0.6457 Val clf_Loss: 0.6476 Metrics: {'pearson': array([0.73772419]), 'spearman': np.float64(0.7820440429136083), 'mse': np.float32(0.64571685), 'mae': np.float32(0.60514444), 'r2': 0.29777633590397845, 'rmse': np.float32(0.8035651)}
2025-05-30 21:10:36,532 - INFO - Saved best model weights to 02.checkpoint/model_weights.pth
2025-05-30 21:10:39,112 - INFO - Epoch [8] Train Loss: 1.3510 Train reg_Loss: 0.7180 Train clf_Loss: 0.6331 Val Loss: 1.2765 Val reg_Loss: 0.6312 Val clf_Loss: 0.6453 Metrics: {'pearson': array([0.75533595]), 'spearman': np.float64(0.795595708639187), 'mse': np.float32(0.63122326), 'mae': np.float32(0.59344524), 'r2': 0.3135382227853766, 'rmse': np.float32(0.7944956)}
2025-05-30 21:10:46,462 - INFO - Saved best model weights to 02.checkpoint/model_weights.pth
2025-05-30 21:10:49,031 - INFO - Epoch [9] Train Loss: 1.3469 Train reg_Loss: 0.7055 Train clf_Loss: 0.6414 Val Loss: 1.2632 Val reg_Loss: 0.6204 Val clf_Loss: 0.6428 Metrics: {'pearson': array([0.77174305]), 'spearman': np.float64(0.8159232072275552), 'mse': np.float32(0.6203508), 'mae': np.float32(0.5793), 'r2': 0.3253621942175141, 'rmse': np.float32(0.7876235)}
2025-05-30 21:10:54,022 - INFO - Saved best model weights to 02.checkpoint/model_weights.pth
2025-05-30 21:10:56,613 - INFO - Epoch [10] Train Loss: 1.2907 Train reg_Loss: 0.6690 Train clf_Loss: 0.6216 Val Loss: 1.1868 Val reg_Loss: 0.5487 Val clf_Loss: 0.6382 Metrics: {'pearson': array([0.77974276]), 'spearman': np.float64(0.8204404291360814), 'mse': np.float32(0.54867804), 'mae': np.float32(0.5616877), 'r2': 0.4033069671597892, 'rmse': np.float32(0.740728)}
2025-05-30 21:11:03,979 - INFO - Saved best model weights to 02.checkpoint/model_weights.pth
2025-05-30 21:11:06,560 - INFO - Epoch [11] Train Loss: 1.2823 Train reg_Loss: 0.6554 Train clf_Loss: 0.6269 Val Loss: 1.2091 Val reg_Loss: 0.5753 Val clf_Loss: 0.6337 Metrics: {'pearson': array([0.78348999]), 'spearman': np.float64(0.8080180688876343), 'mse': np.float32(0.57530534), 'mae': np.float32(0.5626415), 'r2': 0.37434953308838903, 'rmse': np.float32(0.75848883)}
2025-05-30 21:11:09,129 - INFO - Epoch [12] Train Loss: 1.1738 Train reg_Loss: 0.5615 Train clf_Loss: 0.6122 Val Loss: 1.1071 Val reg_Loss: 0.4796 Val clf_Loss: 0.6276 Metrics: {'pearson': array([0.78721981]), 'spearman': np.float64(0.8091473743647659), 'mse': np.float32(0.47955468), 'mae': np.float32(0.5387799), 'r2': 0.47847940258316857, 'rmse': np.float32(0.69249886)}
2025-05-30 21:11:18,324 - INFO - Saved best model weights to 02.checkpoint/model_weights.pth
2025-05-30 21:11:20,897 - INFO - Epoch [13] Train Loss: 1.1509 Train reg_Loss: 0.5431 Train clf_Loss: 0.6078 Val Loss: 1.1976 Val reg_Loss: 0.5777 Val clf_Loss: 0.6199 Metrics: {'pearson': array([0.79003264]), 'spearman': np.float64(0.7809147374364765), 'mse': np.float32(0.577694), 'mae': np.float32(0.6042874), 'r2': 0.37175188178311125, 'rmse': np.float32(0.76006186)}
2025-05-30 21:11:23,474 - INFO - Epoch [14] Train Loss: 1.1064 Train reg_Loss: 0.5180 Train clf_Loss: 0.5884 Val Loss: 1.0579 Val reg_Loss: 0.4450 Val clf_Loss: 0.6129 Metrics: {'pearson': array([0.79701129]), 'spearman': np.float64(0.7876905702992661), 'mse': np.float32(0.4450058), 'mae': np.float32(0.5258299), 'r2': 0.5160516002356822, 'rmse': np.float32(0.66708755)}
2025-05-30 21:11:33,299 - INFO - Saved best model weights to 02.checkpoint/model_weights.pth
2025-05-30 21:11:35,867 - INFO - Epoch [15] Train Loss: 1.0775 Train reg_Loss: 0.5027 Train clf_Loss: 0.5748 Val Loss: 1.0928 Val reg_Loss: 0.4887 Val clf_Loss: 0.6041 Metrics: {'pearson': array([0.80279644]), 'spearman': np.float64(0.8170525127046867), 'mse': np.float32(0.48865604), 'mae': np.float32(0.5820608), 'r2': 0.46858154378564876, 'rmse': np.float32(0.6990394)}
2025-05-30 21:11:38,439 - INFO - Epoch [16] Train Loss: 1.0396 Train reg_Loss: 0.4776 Train clf_Loss: 0.5620 Val Loss: 1.3472 Val reg_Loss: 0.7490 Val clf_Loss: 0.5982 Metrics: {'pearson': array([0.80569574]), 'spearman': np.float64(0.8125352907961604), 'mse': np.float32(0.7489889), 'mae': np.float32(0.76337016), 'r2': 0.18546691806204296, 'rmse': np.float32(0.86544144)}
2025-05-30 21:11:45,577 - INFO - Epoch [17] Train Loss: 0.9824 Train reg_Loss: 0.4423 Train clf_Loss: 0.5402 Val Loss: 0.9199 Val reg_Loss: 0.3339 Val clf_Loss: 0.5859 Metrics: {'pearson': array([0.8137936]), 'spearman': np.float64(0.8125352907961604), 'mse': np.float32(0.3339257), 'mae': np.float32(0.47845936), 'r2': 0.6368524262390096, 'rmse': np.float32(0.57786304)}
2025-05-30 21:11:50,561 - INFO - Saved best model weights to 02.checkpoint/model_weights.pth
2025-05-30 21:11:53,138 - INFO - Epoch [18] Train Loss: 0.9418 Train reg_Loss: 0.4032 Train clf_Loss: 0.5387 Val Loss: 1.1106 Val reg_Loss: 0.5273 Val clf_Loss: 0.5833 Metrics: {'pearson': array([0.82456279]), 'spearman': np.float64(0.8204404291360814), 'mse': np.float32(0.52732366), 'mae': np.float32(0.62255025), 'r2': 0.42653015933861727, 'rmse': np.float32(0.72617054)}
2025-05-30 21:12:00,632 - INFO - Epoch [19] Train Loss: 0.8674 Train reg_Loss: 0.3426 Train clf_Loss: 0.5247 Val Loss: 0.9423 Val reg_Loss: 0.3693 Val clf_Loss: 0.5730 Metrics: {'pearson': array([0.8332092]), 'spearman': np.float64(0.8441558441558443), 'mse': np.float32(0.3692774), 'mae': np.float32(0.50335), 'r2': 0.5984070295884658, 'rmse': np.float32(0.607682)}
2025-05-30 21:12:03,205 - INFO - Epoch [20] Train Loss: 0.8606 Train reg_Loss: 0.3500 Train clf_Loss: 0.5106 Val Loss: 1.0824 Val reg_Loss: 0.5144 Val clf_Loss: 0.5681 Metrics: {'pearson': array([0.83724875]), 'spearman': np.float64(0.8283455674760022), 'mse': np.float32(0.514357), 'mae': np.float32(0.6085764), 'r2': 0.44063154135018767, 'rmse': np.float32(0.71718687)}
2025-05-30 21:12:10,604 - INFO - Epoch [21] Train Loss: 0.7808 Train reg_Loss: 0.2911 Train clf_Loss: 0.4897 Val Loss: 0.8744 Val reg_Loss: 0.3142 Val clf_Loss: 0.5602 Metrics: {'pearson': array([0.83723022]), 'spearman': np.float64(0.839638622247318), 'mse': np.float32(0.3142437), 'mae': np.float32(0.47944987), 'r2': 0.65825676160583, 'rmse': np.float32(0.5605744)}
2025-05-30 21:12:15,584 - INFO - Saved best model weights to 02.checkpoint/model_weights.pth
2025-05-30 21:12:18,164 - INFO - Epoch [22] Train Loss: 0.7265 Train reg_Loss: 0.2536 Train clf_Loss: 0.4729 Val Loss: 1.6054 Val reg_Loss: 1.0415 Val clf_Loss: 0.5639 Metrics: {'pearson': array([0.83826514]), 'spearman': np.float64(0.8351214003387919), 'mse': np.float32(1.0415221), 'mae': np.float32(0.8818483), 'r2': -0.1326659137616213, 'rmse': np.float32(1.0205499)}
2025-05-30 21:12:24,927 - INFO - Epoch [23] Train Loss: 0.8222 Train reg_Loss: 0.3597 Train clf_Loss: 0.4625 Val Loss: 0.9181 Val reg_Loss: 0.3627 Val clf_Loss: 0.5554 Metrics: {'pearson': array([0.84365824]), 'spearman': np.float64(0.8452851496329757), 'mse': np.float32(0.36271933), 'mae': np.float32(0.507147), 'r2': 0.6055390036949752, 'rmse': np.float32(0.60226184)}
2025-05-30 21:12:27,504 - INFO - Epoch [24] Train Loss: 0.7855 Train reg_Loss: 0.2971 Train clf_Loss: 0.4884 Val Loss: 0.8710 Val reg_Loss: 0.3262 Val clf_Loss: 0.5448 Metrics: {'pearson': array([0.83994589]), 'spearman': np.float64(0.8577075098814231), 'mse': np.float32(0.3261883), 'mae': np.float32(0.4624215), 'r2': 0.6452669193086746, 'rmse': np.float32(0.57112896)}
2025-05-30 21:12:36,452 - INFO - Saved best model weights to 02.checkpoint/model_weights.pth
2025-05-30 21:12:39,029 - INFO - Epoch [25] Train Loss: 0.8028 Train reg_Loss: 0.3582 Train clf_Loss: 0.4446 Val Loss: 1.3759 Val reg_Loss: 0.8332 Val clf_Loss: 0.5427 Metrics: {'pearson': array([0.85001541]), 'spearman': np.float64(0.8509316770186337), 'mse': np.float32(0.8332388), 'mae': np.float32(0.7601673), 'r2': 0.09384419652948495, 'rmse': np.float32(0.91281915)}
2025-05-30 21:12:41,609 - INFO - Epoch [26] Train Loss: 0.6765 Train reg_Loss: 0.2599 Train clf_Loss: 0.4166 Val Loss: 1.1479 Val reg_Loss: 0.5948 Val clf_Loss: 0.5530 Metrics: {'pearson': array([0.85409048]), 'spearman': np.float64(0.8441558441558443), 'mse': np.float32(0.5948089), 'mae': np.float32(0.6185362), 'r2': 0.3531391596282516, 'rmse': np.float32(0.7712385)}
2025-05-30 21:12:48,298 - INFO - Epoch [27] Train Loss: 0.6995 Train reg_Loss: 0.2506 Train clf_Loss: 0.4489 Val Loss: 0.8482 Val reg_Loss: 0.3149 Val clf_Loss: 0.5333 Metrics: {'pearson': array([0.85889057]), 'spearman': np.float64(0.8667419536984755), 'mse': np.float32(0.31487712), 'mae': np.float32(0.4770378), 'r2': 0.6575678955775595, 'rmse': np.float32(0.5611391)}
2025-05-30 21:12:53,322 - INFO - Saved best model weights to 02.checkpoint/model_weights.pth
2025-05-30 21:12:55,906 - INFO - Epoch [28] Train Loss: 0.5875 Train reg_Loss: 0.1997 Train clf_Loss: 0.3878 Val Loss: 1.2001 Val reg_Loss: 0.6709 Val clf_Loss: 0.5292 Metrics: {'pearson': array([0.84679675]), 'spearman': np.float64(0.8599661208356861), 'mse': np.float32(0.670866), 'mae': np.float32(0.67738605), 'r2': 0.2704262758410513, 'rmse': np.float32(0.8190641)}
2025-05-30 21:13:02,108 - INFO - Epoch [29] Train Loss: 0.5233 Train reg_Loss: 0.1536 Train clf_Loss: 0.3697 Val Loss: 0.9419 Val reg_Loss: 0.4157 Val clf_Loss: 0.5262 Metrics: {'pearson': array([0.84083329]), 'spearman': np.float64(0.8441558441558443), 'mse': np.float32(0.41568983), 'mae': np.float32(0.54874194), 'r2': 0.547933067485955, 'rmse': np.float32(0.6447401)}
2025-05-30 21:13:04,691 - INFO - Epoch [30] Train Loss: 0.4971 Train reg_Loss: 0.1463 Train clf_Loss: 0.3508 Val Loss: 1.2613 Val reg_Loss: 0.7316 Val clf_Loss: 0.5297 Metrics: {'pearson': array([0.83552731]), 'spearman': np.float64(0.8226990400903446), 'mse': np.float32(0.73155767), 'mae': np.float32(0.70922285), 'r2': 0.20442363121917495, 'rmse': np.float32(0.85531145)}
2025-05-30 21:13:11,534 - INFO - Epoch [31] Train Loss: 0.4923 Train reg_Loss: 0.1365 Train clf_Loss: 0.3558 Val Loss: 1.3662 Val reg_Loss: 0.8041 Val clf_Loss: 0.5621 Metrics: {'pearson': array([0.83128621]), 'spearman': np.float64(0.8543195934500282), 'mse': np.float32(0.8040964), 'mae': np.float32(0.7485024), 'r2': 0.12553713975007708, 'rmse': np.float32(0.8967142)}
2025-05-30 21:13:14,108 - INFO - Epoch [32] Train Loss: 0.4874 Train reg_Loss: 0.1503 Train clf_Loss: 0.3371 Val Loss: 1.2513 Val reg_Loss: 0.7192 Val clf_Loss: 0.5321 Metrics: {'pearson': array([0.81961093]), 'spearman': np.float64(0.8418972332015812), 'mse': np.float32(0.7191765), 'mae': np.float32(0.69908184), 'r2': 0.2178881878564719, 'rmse': np.float32(0.8480427)}
2025-05-30 21:13:20,668 - INFO - Epoch [33] Train Loss: 0.4453 Train reg_Loss: 0.1333 Train clf_Loss: 0.3119 Val Loss: 0.9465 Val reg_Loss: 0.4105 Val clf_Loss: 0.5360 Metrics: {'pearson': array([0.82973683]), 'spearman': np.float64(0.8588368153585546), 'mse': np.float32(0.41052407), 'mae': np.float32(0.52350646), 'r2': 0.5535508891537277, 'rmse': np.float32(0.6407215)}
2025-05-30 21:13:23,237 - INFO - Epoch [34] Train Loss: 0.4300 Train reg_Loss: 0.1024 Train clf_Loss: 0.3276 Val Loss: 1.1252 Val reg_Loss: 0.6149 Val clf_Loss: 0.5103 Metrics: {'pearson': array([0.83551286]), 'spearman': np.float64(0.837380011293055), 'mse': np.float32(0.6149148), 'mae': np.float32(0.64174104), 'r2': 0.3312738686115596, 'rmse': np.float32(0.784165)}
2025-05-30 21:13:29,929 - INFO - Epoch [35] Train Loss: 0.4060 Train reg_Loss: 0.0984 Train clf_Loss: 0.3076 Val Loss: 1.0950 Val reg_Loss: 0.5818 Val clf_Loss: 0.5132 Metrics: {'pearson': array([0.82932194]), 'spearman': np.float64(0.8204404291360814), 'mse': np.float32(0.58180517), 'mae': np.float32(0.6156716), 'r2': 0.36728085946872135, 'rmse': np.float32(0.76276153)}
2025-05-30 21:13:32,513 - INFO - Epoch [36] Train Loss: 0.3668 Train reg_Loss: 0.0818 Train clf_Loss: 0.2850 Val Loss: 1.1579 Val reg_Loss: 0.5804 Val clf_Loss: 0.5775 Metrics: {'pearson': array([0.82309558]), 'spearman': np.float64(0.8226990400903446), 'mse': np.float32(0.5804098), 'mae': np.float32(0.6150991), 'r2': 0.36879840536974584, 'rmse': np.float32(0.7618463)}
2025-05-30 21:13:39,789 - INFO - Epoch [37] Train Loss: 0.3491 Train reg_Loss: 0.0744 Train clf_Loss: 0.2747 Val Loss: 1.0247 Val reg_Loss: 0.5023 Val clf_Loss: 0.5224 Metrics: {'pearson': array([0.81211586]), 'spearman': np.float64(0.8260869565217391), 'mse': np.float32(0.5022827), 'mae': np.float32(0.5758272), 'r2': 0.45376247003911785, 'rmse': np.float32(0.708719)}
2025-05-30 21:13:42,366 - INFO - Epoch [38] Train Loss: 0.3227 Train reg_Loss: 0.0750 Train clf_Loss: 0.2477 Val Loss: 0.9361 Val reg_Loss: 0.4213 Val clf_Loss: 0.5147 Metrics: {'pearson': array([0.80548549]), 'spearman': np.float64(0.8147939017504237), 'mse': np.float32(0.42131567), 'mae': np.float32(0.53942704), 'r2': 0.5418148871285475, 'rmse': np.float32(0.6490883)}
2025-05-30 21:13:49,272 - INFO - Epoch [39] Train Loss: 0.3080 Train reg_Loss: 0.0725 Train clf_Loss: 0.2355 Val Loss: 1.2364 Val reg_Loss: 0.7130 Val clf_Loss: 0.5234 Metrics: {'pearson': array([0.79263759]), 'spearman': np.float64(0.8068887634105025), 'mse': np.float32(0.7129905), 'mae': np.float32(0.69173217), 'r2': 0.22461556558563722, 'rmse': np.float32(0.84438765)}
2025-05-30 21:13:51,872 - INFO - Epoch [40] Train Loss: 0.2812 Train reg_Loss: 0.0731 Train clf_Loss: 0.2081 Val Loss: 1.0405 Val reg_Loss: 0.5403 Val clf_Loss: 0.5002 Metrics: {'pearson': array([0.78304097]), 'spearman': np.float64(0.813664596273292), 'mse': np.float32(0.540304), 'mae': np.float32(0.6094356), 'r2': 0.4124137968216395, 'rmse': np.float32(0.7350537)}
2025-05-30 21:13:58,177 - INFO - Epoch [41] Train Loss: 0.2569 Train reg_Loss: 0.0610 Train clf_Loss: 0.1959 Val Loss: 1.5362 Val reg_Loss: 1.0140 Val clf_Loss: 0.5222 Metrics: {'pearson': array([0.78978421]), 'spearman': np.float64(0.7989836250705817), 'mse': np.float32(1.0139937), 'mae': np.float32(0.85209846), 'r2': -0.10272857469230767, 'rmse': np.float32(1.0069726)}
2025-05-30 21:14:00,764 - INFO - Epoch [42] Train Loss: 0.2946 Train reg_Loss: 0.1081 Train clf_Loss: 0.1865 Val Loss: 2.0471 Val reg_Loss: 1.4989 Val clf_Loss: 0.5482 Metrics: {'pearson': array([0.7860423]), 'spearman': np.float64(0.8068887634105025), 'mse': np.float32(1.4988965), 'mae': np.float32(1.0821719), 'r2': -0.6300652045154409, 'rmse': np.float32(1.2242943)}
2025-05-30 21:14:04,558 - INFO - Early stopping triggered at epoch 42
2025-05-30 21:14:04,572 - INFO - Training completed
